#
# There is insufficient memory for the Java Runtime Environment to continue.
# Native memory allocation (malloc) failed to allocate 1048576 bytes for AllocateHeap
# Possible reasons:
#   The system is out of physical RAM or swap space
#   In 32 bit mode, the process size limit was hit
# Possible solutions:
#   Reduce memory load on the system
#   Increase physical memory or swap space
#   Check if swap backing store is full
#   Use 64 bit Java on a 64 bit OS
#   Decrease Java heap size (-Xmx/-Xms)
#   Decrease number of Java threads
#   Decrease Java thread stack sizes (-Xss)
#   Set larger code cache with -XX:ReservedCodeCacheSize=
# This output file may be truncated or incomplete.
#
#  Out of Memory Error (memory/allocation.inline.hpp:61), pid=2704, tid=0x0000000000001344
#
# JRE version:  (8.0_152-b16) (build )
# Java VM: Java HotSpot(TM) 64-Bit Server VM (25.152-b16 mixed mode windows-amd64 compressed oops)
# Failed to write core dump. Minidumps are not enabled by default on client versions of Windows
#

---------------  T H R E A D  ---------------

Current thread (0x00000000022f6000):  JavaThread "Unknown thread" [_thread_in_vm, id=4932, stack(0x00000000021f0000,0x00000000022f0000)]

Stack: [0x00000000021f0000,0x00000000022f0000]
[error occurred during error reporting (printing stack bounds), id 0xc0000005]

Native frames: (J=compiled Java code, j=interpreted, Vv=VM code, C=native code)


---------------  P R O C E S S  ---------------

Java Threads: ( => current thread )

Other Threads:

=>0x00000000022f6000 (exited) JavaThread "Unknown thread" [_thread_in_vm, id=4932, stack(0x00000000021f0000,0x00000000022f0000)]

VM state:not at safepoint (normal execution)

VM Mutex/Monitor currently owned by a thread: None

Heap:
 PSYoungGen      total 38400K, used 665K [0x00000000d5f00000, 0x00000000d8980000, 0x0000000100000000)
  eden space 33280K, 2% used [0x00000000d5f00000,0x00000000d5fa6670,0x00000000d7f80000)
  from space 5120K, 0% used [0x00000000d8480000,0x00000000d8480000,0x00000000d8980000)
  to   space 5120K, 0% used [0x00000000d7f80000,0x00000000d7f80000,0x00000000d8480000)
 ParOldGen       total 87552K, used 0K [0x0000000081c00000, 0x0000000087180000, 0x00000000d5f00000)
  object space 87552K, 0% used [0x0000000081c00000,0x0000000081c00000,0x0000000087180000)
 Metaspace       used 770K, capacity 4480K, committed 4480K, reserved 1056768K
  class space    used 75K, capacity 384K, committed 384K, reserved 1048576K

Card table byte_map: [0x00000000117b0000,0x0000000011bb0000] byte_map_base: 0x00000000113a2000

Marking Bits: (ParMarkBitMap*) 0x0000000071300860
 Begin Bits: [0x0000000012260000, 0x00000000141f0000)
 End Bits:   [0x00000000141f0000, 0x0000000016180000)

Polling page: 0x0000000000830000

CodeCache: size=245760Kb used=328Kb max_used=328Kb free=245431Kb
 bounds [0x00000000023f0000, 0x0000000002660000, 0x00000000113f0000]
 total_blobs=58 nmethods=0 adapters=38
 compilation: enabled

Compilation events (0 events):
No events

GC Heap History (0 events):
No events

Deoptimization events (0 events):
No events

Classes redefined (0 events):
No events

Internal exceptions (0 events):
No events

Events (10 events):
Event: 0.143 loading class java/lang/Short
Event: 0.143 loading class java/lang/Short done
Event: 0.143 loading class java/lang/Integer
Event: 0.144 loading class java/lang/Integer done
Event: 0.144 loading class java/lang/Long
Event: 0.145 loading class java/lang/Long done
Event: 0.151 loading class java/lang/NullPointerException
Event: 0.151 loading class java/lang/NullPointerException done
Event: 0.151 loading class java/lang/ArithmeticException
Event: 0.151 loading class java/lang/ArithmeticException done


Dynamic libraries:
0x00007ff65ac50000 - 0x00007ff65ac87000 	C:\Program Files\Java\jdk1.8.0_152\bin\javaw.exe
0x00007ffa80ce0000 - 0x00007ffa80e8c000 	C:\Windows\SYSTEM32\ntdll.dll
0x00007ffa7e770000 - 0x00007ffa7e8ae000 	C:\Windows\system32\KERNEL32.DLL
0x00007ffa7dfb0000 - 0x00007ffa7e0c5000 	C:\Windows\system32\KERNELBASE.dll
0x00007ffa7c9d0000 - 0x00007ffa7ca5e000 	C:\Windows\system32\apphelp.dll
0x00007ffa62ed0000 - 0x00007ffa62f23000 	C:\Windows\AppPatch\AppPatch64\AcGenral.DLL
0x00007ffa803a0000 - 0x00007ffa8044a000 	C:\Windows\system32\msvcrt.dll
0x00007ffa7dc60000 - 0x00007ffa7dc8e000 	C:\Windows\SYSTEM32\SspiCli.dll
0x00007ffa7ebb0000 - 0x00007ffa7ec04000 	C:\Windows\system32\SHLWAPI.dll
0x00007ffa7e3c0000 - 0x00007ffa7e537000 	C:\Windows\system32\USER32.dll
0x00007ffa7ec10000 - 0x00007ffa7eda4000 	C:\Windows\system32\ole32.dll
0x00007ffa7ee80000 - 0x00007ffa80399000 	C:\Windows\system32\SHELL32.dll
0x00007ffa7d430000 - 0x00007ffa7d451000 	C:\Windows\SYSTEM32\USERENV.dll
0x00007ffa808e0000 - 0x00007ffa8098a000 	C:\Windows\system32\ADVAPI32.dll
0x00007ffa7a100000 - 0x00007ffa7a11e000 	C:\Windows\SYSTEM32\MPR.dll
0x00007ffa80b50000 - 0x00007ffa80c91000 	C:\Windows\system32\RPCRT4.dll
0x00007ffa7e710000 - 0x00007ffa7e769000 	C:\Windows\SYSTEM32\sechost.dll
0x00007ffa7e8b0000 - 0x00007ffa7eac1000 	C:\Windows\SYSTEM32\combase.dll
0x00007ffa80770000 - 0x00007ffa808c1000 	C:\Windows\system32\GDI32.dll
0x00007ffa7de30000 - 0x00007ffa7de45000 	C:\Windows\SYSTEM32\profapi.dll
0x00007ffa7c3a0000 - 0x00007ffa7c452000 	C:\Windows\SYSTEM32\SHCORE.dll
0x00007ffa80ca0000 - 0x00007ffa80cd6000 	C:\Windows\system32\IMM32.DLL
0x00007ffa809f0000 - 0x00007ffa80b43000 	C:\Windows\system32\MSCTF.dll
0x00007ffa793d0000 - 0x00007ffa7964b000 	C:\Windows\WinSxS\amd64_microsoft.windows.common-controls_6595b64144ccf1df_6.0.9600.17415_none_6240486fecbd8abb\COMCTL32.dll
0x00000000706e0000 - 0x00000000707b2000 	C:\Program Files\Java\jdk1.8.0_152\jre\bin\msvcr100.dll
0x0000000070ae0000 - 0x0000000071380000 	C:\Program Files\Java\jdk1.8.0_152\jre\bin\server\jvm.dll
0x00007ffa6a450000 - 0x00007ffa6a459000 	C:\Windows\SYSTEM32\WSOCK32.dll
0x00007ffa751f0000 - 0x00007ffa75212000 	C:\Windows\SYSTEM32\WINMM.dll
0x00007ffa7a3a0000 - 0x00007ffa7a3aa000 	C:\Windows\SYSTEM32\VERSION.dll
0x00007ffa804c0000 - 0x00007ffa804c7000 	C:\Windows\system32\PSAPI.DLL
0x00007ffa80990000 - 0x00007ffa809ea000 	C:\Windows\system32\WS2_32.dll
0x00007ffa75110000 - 0x00007ffa7513a000 	C:\Windows\SYSTEM32\WINMMBASE.dll
0x00007ffa7eba0000 - 0x00007ffa7eba9000 	C:\Windows\system32\NSI.dll
0x00007ffa7e0d0000 - 0x00007ffa7e11f000 	C:\Windows\SYSTEM32\cfgmgr32.dll
0x00007ffa7cc20000 - 0x00007ffa7cc48000 	C:\Windows\SYSTEM32\DEVOBJ.dll
0x0000000070ad0000 - 0x0000000070adf000 	C:\Program Files\Java\jdk1.8.0_152\jre\bin\verify.dll
0x0000000070aa0000 - 0x0000000070ac9000 	C:\Program Files\Java\jdk1.8.0_152\jre\bin\java.dll
0x0000000070a80000 - 0x0000000070a96000 	C:\Program Files\Java\jdk1.8.0_152\jre\bin\zip.dll

VM Arguments:
jvm_args: -Dcom.sun.management.jmxremote -Dcom.sun.management.jmxremote.port=49696 -Dcom.sun.management.jmxremote.authenticate=false -Dcom.sun.management.jmxremote.ssl=false -Djava.rmi.server.hostname=localhost -Dspring.jmx.enabled=true -Dspring.application.admin.enabled=true -Xverify:none -XX:TieredStopAtLevel=1 -Dspring.boot.project.name=api_trabajos2 -Dfile.encoding=UTF-8 
java_command: com.example.demo.ApiTrabajos2Application --spring.output.ansi.enabled=always
java_class_path (initial): D:\Users\Dennys_\Documents\Sprint tools work\api_trabajos2\target\classes;C:\Users\Franciso\.m2\repository\io\jsonwebtoken\jjwt\0.9.1\jjwt-0.9.1.jar;C:\Users\Franciso\.m2\repository\com\fasterxml\jackson\core\jackson-databind\2.10.2\jackson-databind-2.10.2.jar;C:\Users\Franciso\.m2\repository\com\fasterxml\jackson\core\jackson-annotations\2.10.2\jackson-annotations-2.10.2.jar;C:\Users\Franciso\.m2\repository\com\fasterxml\jackson\core\jackson-core\2.10.2\jackson-core-2.10.2.jar;C:\Users\Franciso\.m2\repository\org\springframework\boot\spring-boot-starter-security\2.2.5.RELEASE\spring-boot-starter-security-2.2.5.RELEASE.jar;C:\Users\Franciso\.m2\repository\org\springframework\boot\spring-boot-starter\2.2.5.RELEASE\spring-boot-starter-2.2.5.RELEASE.jar;C:\Users\Franciso\.m2\repository\org\springframework\boot\spring-boot\2.2.5.RELEASE\spring-boot-2.2.5.RELEASE.jar;C:\Users\Franciso\.m2\repository\org\springframework\boot\spring-boot-autoconfigure\2.2.5.RELEASE\spring-boot-autoconfigure-2.2.5.RELEASE.jar;C:\Users\Franciso\.m2\repository\org\springframework\boot\spring-boot-starter-logging\2.2.5.RELEASE\spring-boot-starter-logging-2.2.5.RELEASE.jar;C:\Users\Franciso\.m2\repository\ch\qos\logback\logback-classic\1.2.3\logback-classic-1.2.3.jar;C:\Users\Franciso\.m2\repository\ch\qos\logback\logback-core\1.2.3\logback-core-1.2.3.jar;C:\Users\Franciso\.m2\repository\org\apache\logging\log4j\log4j-to-slf4j\2.12.1\log4j-to-slf4j-2.12.1.jar;C:\Users\Franciso\.m2\repository\org\apache\logging\log4j\log4j-api\2.12.1\log4j-api-2.12.1.jar;C:\Users\Franciso\.m2\repository\org\slf4j\jul-to-slf4j\1.7.30\jul-to-slf4j-1.7.30.jar;C:\Users\Franciso\.m2\repository\jakarta\annotation\jakarta.annotation-api\1.3.5\jakarta.annotation-api-1.3.5.jar;C:\Users\Franciso\.m2\repository\org\yaml\snakeyaml\1.25\snakeyaml-1.25.jar;C:\Users\Franciso\.m2\repository\org\springframework\spring-aop\5.2.4.RELEASE\spring-aop-5.2.4.RELEASE.jar;C:\Users\Franciso\.m2\repository\org
Launcher Type: SUN_STANDARD

Environment Variables:
PATH=C:/Program Files/Java/jdk1.8.0_152/bin/../jre/bin/server;C:/Program Files/Java/jdk1.8.0_152/bin/../jre/bin;C:/Program Files/Java/jdk1.8.0_152/bin/../jre/lib/amd64;C:\Program Files\Java\jdk1.8.0_152\bin;C:\Users\Franciso\AppData\Roaming\Python\Python38;C:\Users\Franciso\AppData\Local\Programs\Python\Python38\Scripts\;C:\Users\Franciso\AppData\Local\Programs\Python\Python38\;C:\Program Files (x86)\Scripts\;C:\Program Files (x86)\;C:\Program Files\nodejs;C:\Users\Franciso\AppData\Roaming\Composer\vendor\bin;C:\Users\Franciso\AppData\Roaming\npm;C:\Users\Franciso\AppData\Roaming\Python;C:\Users\Franciso\Desktop\JAVA SPRING\sts-4.5.1.RELEASE;
USERNAME=Franciso
OS=Windows_NT
PROCESSOR_IDENTIFIER=Intel64 Family 6 Model 42 Stepping 7, GenuineIntel



---------------  S Y S T E M  ---------------

OS: Windows 8.1 , 64 bit Build 9600 (6.3.9600.17415)

CPU:total 4 (initial active 4) (2 cores per cpu, 2 threads per core) family 6 model 42 stepping 7, cmov, cx8, fxsr, mmx, sse, sse2, sse3, ssse3, sse4.1, sse4.2, popcnt, avx, aes, clmul, ht, tsc, tscinvbit

Memory: 4k page, physical 8269036k(1531488k free), swap 11414764k(5576k free)

vm_info: Java HotSpot(TM) 64-Bit Server VM (25.152-b16) for windows-amd64 JRE (1.8.0_152-b16), built on Sep 14 2017 02:29:36 by "java_re" with MS VC++ 10.0 (VS2010)

time: Wed Mar 25 19:57:33 2020
elapsed time: 0 seconds (0d 0h 0m 0s)

